#
# There is insufficient memory for the Java Runtime Environment to continue.
# Native memory allocation (malloc) failed to allocate 65552 bytes for Chunk::new
# Possible reasons:
#   The system is out of physical RAM or swap space
#   The process is running with CompressedOops enabled, and the Java Heap may be blocking the growth of the native heap
# Possible solutions:
#   Reduce memory load on the system
#   Increase physical memory or swap space
#   Check if swap backing store is full
#   Decrease Java heap size (-Xmx/-Xms)
#   Decrease number of Java threads
#   Decrease Java thread stack sizes (-Xss)
#   Set larger code cache with -XX:ReservedCodeCacheSize=
#   JVM is running with Unscaled Compressed Oops mode in which the Java heap is
#     placed in the first 4GB address space. The Java Heap base address is the
#     maximum limit for the native heap growth. Please use -XX:HeapBaseMinAddress
#     to set the Java Heap base and to place the Java Heap above 4GB virtual address.
# This output file may be truncated or incomplete.
#
#  Out of Memory Error (allocation.cpp:389), pid=17156, tid=0x00000000000041d0
#
# JRE version: OpenJDK Runtime Environment (8.0_242-b01) (build 1.8.0_242-release-1644-b01)
# Java VM: OpenJDK 64-Bit Server VM (25.242-b01 mixed mode windows-amd64 compressed oops)
# Failed to write core dump. Minidumps are not enabled by default on client versions of Windows
#

---------------  T H R E A D  ---------------

Current thread (0x0000000019294800):  JavaThread "C2 CompilerThread0" daemon [_thread_in_native, id=16848, stack(0x000000001a8e0000,0x000000001a9e0000)]

Stack: [0x000000001a8e0000,0x000000001a9e0000]
[error occurred during error reporting (printing stack bounds), id 0xc0000005]

Native frames: (J=compiled Java code, j=interpreted, Vv=VM code, C=native code)


Current CompileTask:
C2:  15608 12617   !   4       java.io.ObjectOutputStream::writeOrdinaryObject (175 bytes)


---------------  P R O C E S S  ---------------

Java Threads: ( => current thread )
  0x000000001b4d3000 JavaThread "WorkerExecutor Queue Thread 14" [_thread_new, id=9268, stack(0x0000000000000000,0x0000000000000000)]
  0x000000001b4d0800 JavaThread "WorkerExecutor Queue Thread 13" [_thread_blocked, id=17196, stack(0x000000002b580000,0x000000002b680000)]
  0x000000001b4d0000 JavaThread "WorkerExecutor Queue Thread 12" [_thread_blocked, id=12744, stack(0x00000000299d0000,0x0000000029ad0000)]
  0x000000001b4cb800 JavaThread "WorkerExecutor Queue Thread 11" [_thread_in_Java, id=5528, stack(0x0000000029780000,0x0000000029880000)]
  0x000000001b4c4000 JavaThread "Cache worker for Java compile cache (C:\Users\ASUS\AndroidStudioProjects\BT_nhom6\BT_nhom6\.gradle\6.1.1\javaCompile)" [_thread_blocked, id=16924, stack(0x00000000298d0000,0x00000000299d0000)]
  0x000000001b4c8800 JavaThread "Cache worker for Java compile cache (C:\Users\ASUS\.gradle\caches\6.1.1\javaCompile)" [_thread_blocked, id=2320, stack(0x0000000029680000,0x0000000029780000)]
  0x000000001b4c7800 JavaThread "WorkerExecutor Queue Thread 10" [_thread_in_vm, id=12964, stack(0x000000002ae80000,0x000000002af80000)]
  0x000000001b4c7000 JavaThread "WorkerExecutor Queue Thread 9" [_thread_in_native, id=10188, stack(0x000000002ad80000,0x000000002ae80000)]
  0x000000001b4c6000 JavaThread "stdout" [_thread_in_native, id=14784, stack(0x000000002aa80000,0x000000002ab80000)]
  0x000000001b4c9000 JavaThread "stderr" [_thread_in_native, id=6772, stack(0x000000002a980000,0x000000002aa80000)]
  0x000000001b4c5800 JavaThread "stdout" [_thread_in_native, id=11196, stack(0x000000002a880000,0x000000002a980000)]
  0x000000001b4ca000 JavaThread "stderr" [_thread_in_native, id=6216, stack(0x000000002a780000,0x000000002a880000)]
  0x000000001b4c4800 JavaThread "stdout" [_thread_in_native, id=10064, stack(0x000000002a680000,0x000000002a780000)]
  0x0000000025c00000 JavaThread "stderr" [_thread_in_native, id=3236, stack(0x000000002a580000,0x000000002a680000)]
  0x0000000025c04000 JavaThread "stdout" [_thread_in_native, id=14044, stack(0x000000002a480000,0x000000002a580000)]
  0x0000000025c03000 JavaThread "stderr" [_thread_in_native, id=168, stack(0x000000002a380000,0x000000002a480000)]
  0x0000000025bff800 JavaThread "stdout" [_thread_in_native, id=12828, stack(0x000000002a280000,0x000000002a380000)]
  0x0000000025c01800 JavaThread "stderr" [_thread_in_native, id=10212, stack(0x000000002a180000,0x000000002a280000)]
  0x0000000025bfe800 JavaThread "stdout" [_thread_in_native, id=1284, stack(0x000000002a080000,0x000000002a180000)]
  0x0000000025c05800 JavaThread "stderr" [_thread_in_native, id=14280, stack(0x0000000029f80000,0x000000002a080000)]
  0x0000000025c02800 JavaThread "stdout" [_thread_in_native, id=8120, stack(0x0000000029e80000,0x0000000029f80000)]
  0x0000000025c01000 JavaThread "stderr" [_thread_in_native, id=1252, stack(0x0000000029d80000,0x0000000029e80000)]
  0x0000000025bfb800 JavaThread "WorkerExecutor Queue" [_thread_blocked, id=152, stack(0x0000000029380000,0x0000000029480000)]
  0x000000001f6c6800 JavaThread "stdout" [_thread_in_native, id=2404, stack(0x0000000029080000,0x0000000029180000)]
  0x000000001f6c2800 JavaThread "stderr" [_thread_in_native, id=12456, stack(0x0000000028d10000,0x0000000028e10000)]
  0x000000001f6c2000 JavaThread "pool-4-thread-1" [_thread_blocked, id=14456, stack(0x0000000027be0000,0x0000000027ce0000)]
  0x000000001f6c1000 JavaThread "Cache worker for execution history cache (C:\Users\ASUS\AndroidStudioProjects\BT_nhom6\BT_nhom6\.gradle\6.1.1\executionHistory)" [_thread_blocked, id=17128, stack(0x0000000026db0000,0x0000000026eb0000)]
  0x000000001f6c4000 JavaThread "Execution worker for ':' Thread 11" [_thread_blocked, id=6288, stack(0x00000000278e0000,0x00000000279e0000)]
  0x000000001f6c5800 JavaThread "Execution worker for ':' Thread 10" [_thread_blocked, id=9992, stack(0x00000000277e0000,0x00000000278e0000)]
  0x000000001f6c5000 JavaThread "Execution worker for ':' Thread 9" [_thread_blocked, id=12548, stack(0x00000000276e0000,0x00000000277e0000)]
  0x000000001f6b9800 JavaThread "Execution worker for ':' Thread 8" [_thread_in_vm, id=10176, stack(0x00000000275e0000,0x00000000276e0000)]
  0x000000001f6ba800 JavaThread "Execution worker for ':' Thread 7" [_thread_blocked, id=7448, stack(0x00000000274e0000,0x00000000275e0000)]
  0x000000001f6bc800 JavaThread "Execution worker for ':' Thread 6" [_thread_blocked, id=10252, stack(0x00000000273e0000,0x00000000274e0000)]
  0x000000001f6c0800 JavaThread "Execution worker for ':' Thread 5" [_thread_blocked, id=1408, stack(0x00000000272e0000,0x00000000273e0000)]
  0x000000001f6bd800 JavaThread "Execution worker for ':' Thread 4" [_thread_blocked, id=4524, stack(0x00000000271e0000,0x00000000272e0000)]
  0x000000001f6b8800 JavaThread "Execution worker for ':' Thread 3" [_thread_blocked, id=11988, stack(0x00000000270e0000,0x00000000271e0000)]
  0x000000001f6bf800 JavaThread "Execution worker for ':' Thread 2" [_thread_blocked, id=4264, stack(0x0000000026fe0000,0x00000000270e0000)]
  0x000000001f6bb000 JavaThread "Execution worker for ':'" [_thread_blocked, id=10916, stack(0x0000000026ee0000,0x0000000026fe0000)]
  0x000000001f6bc000 JavaThread "Cache worker for file content cache (C:\Users\ASUS\AndroidStudioProjects\BT_nhom6\BT_nhom6\.gradle\6.1.1\fileContent)" [_thread_blocked, id=6548, stack(0x00000000265e0000,0x00000000266e0000)]
  0x000000001f6bf000 JavaThread "Cache worker for file content cache (C:\Users\ASUS\.gradle\caches\6.1.1\fileContent)" [_thread_blocked, id=14836, stack(0x00000000264e0000,0x00000000265e0000)]
  0x000000001fa2c000 JavaThread "Memory manager" [_thread_blocked, id=16516, stack(0x00000000263e0000,0x00000000264e0000)]
  0x000000001fa23800 JavaThread "Cache worker for Build Output Cleanup Cache (C:\Users\ASUS\AndroidStudioProjects\BT_nhom6\BT_nhom6\.gradle\buildOutputCleanup)" [_thread_blocked, id=11528, stack(0x0000000024d10000,0x0000000024e10000)]
  0x000000001fa2a800 JavaThread "pool-1-thread-1" [_thread_blocked, id=13708, stack(0x00000000237f0000,0x00000000238f0000)]
  0x000000001fa29800 JavaThread "Build operations Thread 12" [_thread_blocked, id=15672, stack(0x0000000024340000,0x0000000024440000)]
  0x000000001fa29000 JavaThread "Build operations Thread 11" [_thread_blocked, id=8684, stack(0x0000000024240000,0x0000000024340000)]
  0x000000001fa28000 JavaThread "Build operations Thread 10" [_thread_blocked, id=16232, stack(0x0000000024140000,0x0000000024240000)]
  0x000000001fa20800 JavaThread "Build operations Thread 9" [_thread_blocked, id=17276, stack(0x0000000024040000,0x0000000024140000)]
  0x000000001fa27800 JavaThread "Build operations Thread 8" [_thread_blocked, id=5236, stack(0x0000000023f40000,0x0000000024040000)]
  0x000000001fa26800 JavaThread "Build operations Thread 7" [_thread_blocked, id=10356, stack(0x0000000023e40000,0x0000000023f40000)]
  0x000000001fa22000 JavaThread "Build operations Thread 6" [_thread_blocked, id=7924, stack(0x0000000023d40000,0x0000000023e40000)]
  0x000000001fa20000 JavaThread "Build operations Thread 5" [_thread_blocked, id=15064, stack(0x0000000023c40000,0x0000000023d40000)]
  0x000000001fa1f000 JavaThread "Build operations Thread 4" [_thread_blocked, id=7472, stack(0x0000000023b40000,0x0000000023c40000)]
  0x000000001fa26000 JavaThread "Build operations Thread 3" [_thread_blocked, id=16480, stack(0x0000000023a40000,0x0000000023b40000)]
  0x000000001fa24800 JavaThread "Build operations Thread 2" [_thread_blocked, id=16592, stack(0x0000000023940000,0x0000000023a40000)]
  0x000000001fa1e800 JavaThread "Build operations" [_thread_blocked, id=14852, stack(0x0000000023220000,0x0000000023320000)]
  0x000000001c26d000 JavaThread "Cache worker for execution history cache (C:\Users\ASUS\.gradle\caches\6.1.1\executionHistory)" [_thread_blocked, id=4752, stack(0x0000000021950000,0x0000000021a50000)]
  0x000000001c269000 JavaThread "Cache worker for cache directory md-rule (C:\Users\ASUS\.gradle\caches\6.1.1\md-rule)" [_thread_blocked, id=13040, stack(0x00000000213f0000,0x00000000214f0000)]
  0x000000001c26c000 JavaThread "Cache worker for cache directory md-supplier (C:\Users\ASUS\.gradle\caches\6.1.1\md-supplier)" [_thread_blocked, id=16208, stack(0x00000000210a0000,0x00000000211a0000)]
  0x000000001c268800 JavaThread "Cache worker for file hash cache (C:\Users\ASUS\AndroidStudioProjects\BT_nhom6\BT_nhom6\.gradle\6.1.1\fileHashes)" [_thread_blocked, id=10760, stack(0x00000000212f0000,0x00000000213f0000)]
  0x000000001c26b800 JavaThread "Cache worker for checksums cache (C:\Users\ASUS\AndroidStudioProjects\BT_nhom6\BT_nhom6\.gradle\checksums)" [_thread_blocked, id=8016, stack(0x00000000211f0000,0x00000000212f0000)]
  0x000000001c267000 JavaThread "Cache worker for file hash cache (C:\Users\ASUS\.gradle\caches\6.1.1\fileHashes)" [_thread_blocked, id=5724, stack(0x000000001ee00000,0x000000001ef00000)]
  0x000000001c267800 JavaThread "File lock request listener" [_thread_in_native, id=14128, stack(0x000000001ed00000,0x000000001ee00000)]
  0x000000001c27b000 JavaThread "Cache worker for journal cache (C:\Users\ASUS\.gradle\caches\journal-1)" [_thread_blocked, id=8140, stack(0x000000001ec00000,0x000000001ed00000)]
  0x000000001cb18800 JavaThread "Thread-9" [_thread_blocked, id=4844, stack(0x000000001e900000,0x000000001ea00000)]
  0x000000001cad0000 JavaThread "Stdin handler" [_thread_blocked, id=4336, stack(0x000000001e800000,0x000000001e900000)]
  0x000000001cace000 JavaThread "Asynchronous log dispatcher for DefaultDaemonConnection: socket connection from /127.0.0.1:61647 to /127.0.0.1:61648" [_thread_blocked, id=13900, stack(0x000000001e700000,0x000000001e800000)]
  0x000000001cac6000 JavaThread "Daemon worker" [_thread_blocked, id=15072, stack(0x000000001e600000,0x000000001e700000)]
  0x000000001cac0800 JavaThread "Cancel handler" [_thread_blocked, id=13652, stack(0x000000001e400000,0x000000001e500000)]
  0x000000001c6ab000 JavaThread "Handler for socket connection from /127.0.0.1:61647 to /127.0.0.1:61648" [_thread_in_native, id=6132, stack(0x000000001e100000,0x000000001e200000)]
  0x000000001c6aa000 JavaThread "Daemon" [_thread_blocked, id=12336, stack(0x000000001e000000,0x000000001e100000)]
  0x000000001caac800 JavaThread "Daemon periodic checks" [_thread_blocked, id=12812, stack(0x000000001df00000,0x000000001e000000)]
  0x000000001ca5c000 JavaThread "Incoming local TCP Connector on port 61647" [_thread_in_native, id=15912, stack(0x000000001dcc0000,0x000000001ddc0000)]
  0x000000001bdfd000 JavaThread "Daemon health stats" [_thread_blocked, id=4572, stack(0x000000001d680000,0x000000001d780000)]
  0x000000001932a000 JavaThread "Service Thread" daemon [_thread_blocked, id=14260, stack(0x000000001ace0000,0x000000001ade0000)]
  0x00000000192a2800 JavaThread "C1 CompilerThread3" daemon [_thread_in_native, id=8656, stack(0x000000001abe0000,0x000000001ace0000)]
  0x00000000192a2000 JavaThread "C2 CompilerThread2" daemon [_thread_in_vm, id=13248, stack(0x000000001aae0000,0x000000001abe0000)]
  0x000000001929d000 JavaThread "C2 CompilerThread1" daemon [_thread_in_native, id=17332, stack(0x000000001a9e0000,0x000000001aae0000)]
=>0x0000000019294800 JavaThread "C2 CompilerThread0" daemon [_thread_in_native, id=16848, stack(0x000000001a8e0000,0x000000001a9e0000)]
  0x0000000019292800 JavaThread "Attach Listener" daemon [_thread_blocked, id=2708, stack(0x000000001a7e0000,0x000000001a8e0000)]
  0x0000000019291000 JavaThread "Signal Dispatcher" daemon [_thread_blocked, id=10864, stack(0x000000001a6e0000,0x000000001a7e0000)]
  0x000000000290b000 JavaThread "Finalizer" daemon [_thread_blocked, id=14676, stack(0x000000001a4e0000,0x000000001a5e0000)]
  0x0000000019283000 JavaThread "Reference Handler" daemon [_thread_blocked, id=13508, stack(0x000000001a3e0000,0x000000001a4e0000)]
  0x0000000000eee000 JavaThread "main" [_thread_blocked, id=1148, stack(0x0000000002710000,0x0000000002810000)]

Other Threads:
  0x0000000017ba6800 VMThread [stack: 0x000000001a2e0000,0x000000001a3e0000] [id=12156]
  0x000000001932b000 WatcherThread [stack: 0x000000001ade0000,0x000000001aee0000] [id=11360]

VM state:not at safepoint (normal execution)

VM Mutex/Monitor currently owned by a thread: None

OutOfMemory and StackOverflow Exception counts:
OutOfMemoryError java_heap_errors=2

heap address: 0x0000000080000000, size: 2048 MB, Compressed Oops mode: 32-bit
Narrow klass base: 0x0000000000000000, Narrow klass shift: 3
Compressed class space size: 1073741824 Address: 0x0000000100000000

Heap:
 PSYoungGen      total 411136K, used 159034K [0x00000000d5580000, 0x00000000f4300000, 0x0000000100000000)
  eden space 381440K, 37% used [0x00000000d5580000,0x00000000de2e0378,0x00000000eca00000)
  from space 29696K, 48% used [0x00000000eca00000,0x00000000ed7ee560,0x00000000ee700000)
  to   space 28672K, 0% used [0x00000000f2700000,0x00000000f2700000,0x00000000f4300000)
 ParOldGen       total 130560K, used 52179K [0x0000000080000000, 0x0000000087f80000, 0x00000000d5580000)
  object space 130560K, 39% used [0x0000000080000000,0x00000000832f4c88,0x0000000087f80000)
 Metaspace       used 77862K, capacity 82104K, committed 82216K, reserved 1120256K
  class space    used 10458K, capacity 11233K, committed 11312K, reserved 1048576K

Card table byte_map: [0x0000000011cd0000,0x00000000120e0000] byte_map_base: 0x00000000118d0000

Marking Bits: (ParMarkBitMap*) 0x000000005dd7f030
 Begin Bits: [0x0000000012d90000, 0x0000000014d90000)
 End Bits:   [0x0000000014d90000, 0x0000000016d90000)

Polling page: 0x0000000000ed0000

CodeCache: size=245760Kb used=35331Kb max_used=35507Kb free=210428Kb
 bounds [0x0000000002910000, 0x0000000004bf0000, 0x0000000011910000]
 total_blobs=11734 nmethods=10879 adapters=766
 compilation: enabled

Compilation events (10 events):
Event: 15.605 Thread 0x00000000192a2800 nmethod 12640 0x00000000042e7450 code [0x00000000042e75a0, 0x00000000042e76b0]
Event: 15.605 Thread 0x00000000192a2800 12643       3       com.android.tools.build.apkzlib.zip.FileUseMap::internalAdd (26 bytes)
Event: 15.605 Thread 0x00000000192a2800 nmethod 12643 0x0000000004219210 code [0x00000000042193c0, 0x0000000004219998]
Event: 15.605 Thread 0x00000000192a2800 12647       3       java.io.ObjectOutputStream$BlockDataOutputStream::setBlockDataMode (35 bytes)
Event: 15.606 Thread 0x00000000192a2800 nmethod 12647 0x0000000004218d90 code [0x0000000004218f00, 0x0000000004219168]
Event: 15.606 Thread 0x00000000192a2800 12644       3       com.android.tools.build.apkzlib.zip.ZipField::<init> (74 bytes)
Event: 15.607 Thread 0x00000000192a2800 nmethod 12644 0x0000000004217710 code [0x0000000004217980, 0x0000000004218588]
Event: 15.607 Thread 0x00000000192a2800 12645       3       com.google.common.collect.Sets::newHashSet (14 bytes)
Event: 15.607 Thread 0x00000000192a2800 nmethod 12645 0x0000000004216c90 code [0x0000000004216e60, 0x0000000004217388]
Event: 15.607 Thread 0x00000000192a2800 12652       1       com.android.tools.build.apkzlib.zip.FileUseMapEntry::getEnd (5 bytes)

GC Heap History (10 events):
Event: 6.622 GC heap before
{Heap before GC invocations=10 (full 2):
 PSYoungGen      total 255488K, used 240640K [0x00000000d5580000, 0x00000000e9880000, 0x0000000100000000)
  eden space 240640K, 100% used [0x00000000d5580000,0x00000000e4080000,0x00000000e4080000)
  from space 14848K, 0% used [0x00000000e4080000,0x00000000e4080000,0x00000000e4f00000)
  to   space 14336K, 0% used [0x00000000e8a80000,0x00000000e8a80000,0x00000000e9880000)
 ParOldGen       total 90112K, used 15939K [0x0000000080000000, 0x0000000085800000, 0x00000000d5580000)
  object space 90112K, 17% used [0x0000000080000000,0x0000000080f90ce8,0x0000000085800000)
 Metaspace       used 54704K, capacity 56766K, committed 56872K, reserved 1097728K
  class space    used 7457K, capacity 7948K, committed 7984K, reserved 1048576K
Event: 6.646 GC heap after
Heap after GC invocations=10 (full 2):
 PSYoungGen      total 308224K, used 14316K [0x00000000d5580000, 0x00000000ecf80000, 0x0000000100000000)
  eden space 293888K, 0% used [0x00000000d5580000,0x00000000d5580000,0x00000000e7480000)
  from space 14336K, 99% used [0x00000000e8a80000,0x00000000e987b330,0x00000000e9880000)
  to   space 22528K, 0% used [0x00000000e7480000,0x00000000e7480000,0x00000000e8a80000)
 ParOldGen       total 90112K, used 30116K [0x0000000080000000, 0x0000000085800000, 0x00000000d5580000)
  object space 90112K, 33% used [0x0000000080000000,0x0000000081d69000,0x0000000085800000)
 Metaspace       used 54704K, capacity 56766K, committed 56872K, reserved 1097728K
  class space    used 7457K, capacity 7948K, committed 7984K, reserved 1048576K
}
Event: 6.862 GC heap before
{Heap before GC invocations=11 (full 2):
 PSYoungGen      total 308224K, used 44288K [0x00000000d5580000, 0x00000000ecf80000, 0x0000000100000000)
  eden space 293888K, 10% used [0x00000000d5580000,0x00000000d72c4f40,0x00000000e7480000)
  from space 14336K, 99% used [0x00000000e8a80000,0x00000000e987b330,0x00000000e9880000)
  to   space 22528K, 0% used [0x00000000e7480000,0x00000000e7480000,0x00000000e8a80000)
 ParOldGen       total 90112K, used 30116K [0x0000000080000000, 0x0000000085800000, 0x00000000d5580000)
  object space 90112K, 33% used [0x0000000080000000,0x0000000081d69000,0x0000000085800000)
 Metaspace       used 56971K, capacity 59040K, committed 59160K, reserved 1099776K
  class space    used 7803K, capacity 8285K, committed 8368K, reserved 1048576K
Event: 6.878 GC heap after
Heap after GC invocations=11 (full 2):
 PSYoungGen      total 316416K, used 16900K [0x00000000d5580000, 0x00000000f0400000, 0x0000000100000000)
  eden space 293888K, 0% used [0x00000000d5580000,0x00000000d5580000,0x00000000e7480000)
  from space 22528K, 75% used [0x00000000e7480000,0x00000000e8501360,0x00000000e8a80000)
  to   space 24064K, 0% used [0x00000000eec80000,0x00000000eec80000,0x00000000f0400000)
 ParOldGen       total 90112K, used 30124K [0x0000000080000000, 0x0000000085800000, 0x00000000d5580000)
  object space 90112K, 33% used [0x0000000080000000,0x0000000081d6b000,0x0000000085800000)
 Metaspace       used 56971K, capacity 59040K, committed 59160K, reserved 1099776K
  class space    used 7803K, capacity 8285K, committed 8368K, reserved 1048576K
}
Event: 6.878 GC heap before
{Heap before GC invocations=12 (full 3):
 PSYoungGen      total 316416K, used 16900K [0x00000000d5580000, 0x00000000f0400000, 0x0000000100000000)
  eden space 293888K, 0% used [0x00000000d5580000,0x00000000d5580000,0x00000000e7480000)
  from space 22528K, 75% used [0x00000000e7480000,0x00000000e8501360,0x00000000e8a80000)
  to   space 24064K, 0% used [0x00000000eec80000,0x00000000eec80000,0x00000000f0400000)
 ParOldGen       total 90112K, used 30124K [0x0000000080000000, 0x0000000085800000, 0x00000000d5580000)
  object space 90112K, 33% used [0x0000000080000000,0x0000000081d6b000,0x0000000085800000)
 Metaspace       used 56971K, capacity 59040K, committed 59160K, reserved 1099776K
  class space    used 7803K, capacity 8285K, committed 8368K, reserved 1048576K
Event: 7.036 GC heap after
Heap after GC invocations=12 (full 3):
 PSYoungGen      total 316416K, used 0K [0x00000000d5580000, 0x00000000f0400000, 0x0000000100000000)
  eden space 293888K, 0% used [0x00000000d5580000,0x00000000d5580000,0x00000000e7480000)
  from space 22528K, 0% used [0x00000000e7480000,0x00000000e7480000,0x00000000e8a80000)
  to   space 24064K, 0% used [0x00000000eec80000,0x00000000eec80000,0x00000000f0400000)
 ParOldGen       total 130560K, used 29763K [0x0000000080000000, 0x0000000087f80000, 0x00000000d5580000)
  object space 130560K, 22% used [0x0000000080000000,0x0000000081d10d28,0x0000000087f80000)
 Metaspace       used 56940K, capacity 58932K, committed 59160K, reserved 1099776K
  class space    used 7794K, capacity 8267K, committed 8368K, reserved 1048576K
}
Event: 9.579 GC heap before
{Heap before GC invocations=13 (full 3):
 PSYoungGen      total 316416K, used 293888K [0x00000000d5580000, 0x00000000f0400000, 0x0000000100000000)
  eden space 293888K, 100% used [0x00000000d5580000,0x00000000e7480000,0x00000000e7480000)
  from space 22528K, 0% used [0x00000000e7480000,0x00000000e7480000,0x00000000e8a80000)
  to   space 24064K, 0% used [0x00000000eec80000,0x00000000eec80000,0x00000000f0400000)
 ParOldGen       total 130560K, used 29763K [0x0000000080000000, 0x0000000087f80000, 0x00000000d5580000)
  object space 130560K, 22% used [0x0000000080000000,0x0000000081d10d28,0x0000000087f80000)
 Metaspace       used 64298K, capacity 68052K, committed 68264K, reserved 1107968K
  class space    used 8868K, capacity 9575K, committed 9648K, reserved 1048576K
Event: 9.601 GC heap after
Heap after GC invocations=13 (full 3):
 PSYoungGen      total 391680K, used 24040K [0x00000000d5580000, 0x00000000f0400000, 0x0000000100000000)
  eden space 367616K, 0% used [0x00000000d5580000,0x00000000d5580000,0x00000000ebc80000)
  from space 24064K, 99% used [0x00000000eec80000,0x00000000f03fa110,0x00000000f0400000)
  to   space 29696K, 0% used [0x00000000eca00000,0x00000000eca00000,0x00000000ee700000)
 ParOldGen       total 130560K, used 36127K [0x0000000080000000, 0x0000000087f80000, 0x00000000d5580000)
  object space 130560K, 27% used [0x0000000080000000,0x0000000082347f98,0x0000000087f80000)
 Metaspace       used 64298K, capacity 68052K, committed 68264K, reserved 1107968K
  class space    used 8868K, capacity 9575K, committed 9648K, reserved 1048576K
}
Event: 14.290 GC heap before
{Heap before GC invocations=14 (full 3):
 PSYoungGen      total 391680K, used 391656K [0x00000000d5580000, 0x00000000f0400000, 0x0000000100000000)
  eden space 367616K, 100% used [0x00000000d5580000,0x00000000ebc80000,0x00000000ebc80000)
  from space 24064K, 99% used [0x00000000eec80000,0x00000000f03fa110,0x00000000f0400000)
  to   space 29696K, 0% used [0x00000000eca00000,0x00000000eca00000,0x00000000ee700000)
 ParOldGen       total 130560K, used 36127K [0x0000000080000000, 0x0000000087f80000, 0x00000000d5580000)
  object space 130560K, 27% used [0x0000000080000000,0x0000000082347f98,0x0000000087f80000)
 Metaspace       used 70850K, capacity 74830K, committed 74920K, reserved 1114112K
  class space    used 9621K, capacity 10370K, committed 10416K, reserved 1048576K
Event: 14.317 GC heap after
Heap after GC invocations=14 (full 3):
 PSYoungGen      total 411136K, used 14265K [0x00000000d5580000, 0x00000000f4300000, 0x0000000100000000)
  eden space 381440K, 0% used [0x00000000d5580000,0x00000000d5580000,0x00000000eca00000)
  from space 29696K, 48% used [0x00000000eca00000,0x00000000ed7ee560,0x00000000ee700000)
  to   space 28672K, 0% used [0x00000000f2700000,0x00000000f2700000,0x00000000f4300000)
 ParOldGen       total 130560K, used 52179K [0x0000000080000000, 0x0000000087f80000, 0x00000000d5580000)
  object space 130560K, 39% used [0x0000000080000000,0x00000000832f4c88,0x0000000087f80000)
 Metaspace       used 70850K, capacity 74830K, committed 74920K, reserved 1114112K
  class space    used 9621K, capacity 10370K, committed 10416K, reserved 1048576K
}

Deoptimization events (10 events):
Event: 15.569 Thread 0x000000001f6b9800 Uncommon trap: reason=bimorphic action=maybe_recompile pc=0x0000000003deaacc method=java.io.ObjectOutputStream$BlockDataOutputStream.drain()V @ 36
Event: 15.570 Thread 0x000000001f6b9800 Uncommon trap: reason=bimorphic action=maybe_recompile pc=0x000000000434e458 method=java.io.ObjectOutputStream$BlockDataOutputStream.drain()V @ 36
Event: 15.571 Thread 0x000000001f6b9800 Uncommon trap: reason=bimorphic action=maybe_recompile pc=0x00000000043483a0 method=java.io.ObjectOutputStream$BlockDataOutputStream.drain()V @ 36
Event: 15.571 Thread 0x000000001f6b9800 Uncommon trap: reason=bimorphic action=maybe_recompile pc=0x0000000003eae5f4 method=java.io.ObjectOutputStream$BlockDataOutputStream.write([BIIZ)V @ 23
Event: 15.572 Thread 0x000000001f6b9800 Uncommon trap: reason=bimorphic action=maybe_recompile pc=0x0000000003eae59c method=java.io.ObjectOutputStream$BlockDataOutputStream.drain()V @ 36
Event: 15.574 Thread 0x000000001f6c0800 Uncommon trap: reason=class_check action=maybe_recompile pc=0x00000000035b7500 method=java.lang.Throwable.<init>(Ljava/lang/String;Ljava/lang/Throwable;)V @ 24
Event: 15.577 Thread 0x000000001f6c4000 Uncommon trap: reason=class_check action=maybe_recompile pc=0x00000000035b7500 method=java.lang.Throwable.<init>(Ljava/lang/String;Ljava/lang/Throwable;)V @ 24
Event: 15.578 Thread 0x000000001b4c7000 Uncommon trap: reason=unstable_if action=reinterpret pc=0x00000000037afcd4 method=java.nio.Bits.getShort(Ljava/nio/ByteBuffer;IZ)S @ 1
Event: 15.601 Thread 0x000000001b4c7000 Uncommon trap: reason=class_check action=maybe_recompile pc=0x000000000453bac0 method=com.google.common.collect.ImmutableMap.copyOf(Ljava/util/Map;)Lcom/google/common/collect/ImmutableMap; @ 49
Event: 15.601 Thread 0x000000001b4c7000 Uncommon trap: reason=class_check action=maybe_recompile pc=0x0000000004539930 method=com.google.common.collect.Iterables.castOrCopyToCollection(Ljava/lang/Iterable;)Ljava/util/Collection; @ 1

Classes redefined (0 events):
No events

Internal exceptions (10 events):
Event: 15.353 Thread 0x000000001f6c4000 Exception <a 'sun/nio/fs/WindowsException'> (0x00000000dae22380) thrown at [C:\src\AOSP-openjdk-git\hotspot\src\share\vm\prims\jni.cpp, line 710]
Event: 15.369 Thread 0x000000001b4c7000 Exception <a 'java/lang/NoSuchMethodError': java.lang.Object.lambda$asRunnable$0(Lcom/android/tools/build/apkzlib/utils/IOExceptionRunnable;)V> (0x00000000db1cff98) thrown at [C:\src\AOSP-openjdk-git\hotspot\src\share\vm\interpreter\linkResolver.cpp, line
Event: 15.418 Thread 0x000000001f6ba800 Exception <a 'java/lang/NoSuchMethodError': java.lang.Object.lambda$static$0(Ljava/lang/String;)Z> (0x00000000db1bb278) thrown at [C:\src\AOSP-openjdk-git\hotspot\src\share\vm\interpreter\linkResolver.cpp, line 620]
Event: 15.495 Thread 0x000000001b4c7000 Exception <a 'java/lang/NoSuchMethodError': java.lang.Object.newSystemTemporaryDirectory()Lcom/android/tools/build/apkzlib/bytestorage/TemporaryDirectory;> (0x00000000dbf93f30) thrown at [C:\src\AOSP-openjdk-git\hotspot\src\share\vm\interpreter\linkResolv
Event: 15.564 Thread 0x000000001f6bc800 Exception <a 'sun/nio/fs/WindowsException'> (0x00000000dd0d4100) thrown at [C:\src\AOSP-openjdk-git\hotspot\src\share\vm\prims\jni.cpp, line 710]
Event: 15.564 Thread 0x000000001f6c0800 Exception <a 'java/lang/OutOfMemoryError'> (0x00000000dd6328c0) thrown at [C:\src\AOSP-openjdk-git\hotspot\src\share\vm\prims\jni.cpp, line 737]
Event: 15.565 Thread 0x000000001f6c4000 Exception <a 'java/lang/OutOfMemoryError'> (0x00000000dd5ffb28) thrown at [C:\src\AOSP-openjdk-git\hotspot\src\share\vm\prims\jni.cpp, line 737]
Event: 15.581 Thread 0x000000001f6ba800 Exception <a 'sun/nio/fs/WindowsException'> (0x00000000dddc1760) thrown at [C:\src\AOSP-openjdk-git\hotspot\src\share\vm\prims\jni.cpp, line 710]
Event: 15.588 Thread 0x000000001f6bb000 Exception <a 'sun/nio/fs/WindowsException'> (0x00000000ddf72f90) thrown at [C:\src\AOSP-openjdk-git\hotspot\src\share\vm\prims\jni.cpp, line 710]
Event: 15.598 Thread 0x000000001f6b9800 Exception <a 'java/lang/NoSuchMethodError': <clinit>> (0x00000000ddaa3e90) thrown at [C:\src\AOSP-openjdk-git\hotspot\src\share\vm\prims\jni.cpp, line 1615]

Events (10 events):
Event: 15.601 Thread 0x000000001b4c7000 DEOPT PACKING pc=0x0000000004539930 sp=0x000000002ae7dd10
Event: 15.601 Thread 0x000000001b4c7000 DEOPT UNPACKING pc=0x000000000295557b sp=0x000000002ae7dc08 mode 2
Event: 15.602 loading class com/android/tools/r8/s/a/a/b/p
Event: 15.602 loading class com/android/tools/r8/s/a/a/b/p done
Event: 15.604 loading class com/android/tools/r8/utils/l0
Event: 15.604 loading class com/android/tools/r8/utils/l0 done
Event: 15.604 Thread 0x000000001b4d0000 Thread added: 0x000000001b4d0000
Event: 15.607 Thread 0x000000001b4d0800 Thread added: 0x000000001b4d0800
Event: 15.607 loading class com/android/tools/r8/graph/C
Event: 15.607 loading class com/android/tools/r8/graph/C done


Dynamic libraries:
0x00007ff77b540000 - 0x00007ff77b571000 	C:\Program Files\Android\Android Studio\jre\bin\java.exe
0x00007ffbd8200000 - 0x00007ffbd83f0000 	C:\Windows\SYSTEM32\ntdll.dll
0x00007ffbd7a00000 - 0x00007ffbd7ab2000 	C:\Windows\System32\KERNEL32.DLL
0x00007ffbd5780000 - 0x00007ffbd5a25000 	C:\Windows\System32\KERNELBASE.dll
0x00007ffbd7ac0000 - 0x00007ffbd7b63000 	C:\Windows\System32\ADVAPI32.dll
0x00007ffbd6c10000 - 0x00007ffbd6cae000 	C:\Windows\System32\msvcrt.dll
0x00007ffbd7f10000 - 0x00007ffbd7fa7000 	C:\Windows\System32\sechost.dll
0x00007ffbd7be0000 - 0x00007ffbd7d00000 	C:\Windows\System32\RPCRT4.dll
0x00007ffbd7d00000 - 0x00007ffbd7e95000 	C:\Windows\System32\USER32.dll
0x00007ffbd5190000 - 0x00007ffbd51b1000 	C:\Windows\System32\win32u.dll
0x00007ffbd6b50000 - 0x00007ffbd6b76000 	C:\Windows\System32\GDI32.dll
0x00007ffbd5210000 - 0x00007ffbd53a6000 	C:\Windows\System32\gdi32full.dll
0x00007ffbd5590000 - 0x00007ffbd562e000 	C:\Windows\System32\msvcp_win.dll
0x00007ffbd61b0000 - 0x00007ffbd62aa000 	C:\Windows\System32\ucrtbase.dll
0x00007ffbc2560000 - 0x00007ffbc27e4000 	C:\Windows\WinSxS\amd64_microsoft.windows.common-controls_6595b64144ccf1df_6.0.18362.1082_none_9e8193e1e45b25c1\COMCTL32.dll
0x00007ffbd6380000 - 0x00007ffbd66b5000 	C:\Windows\System32\combase.dll
0x00007ffbd5510000 - 0x00007ffbd5590000 	C:\Windows\System32\bcryptPrimitives.dll
0x00007ffbd74d0000 - 0x00007ffbd74fe000 	C:\Windows\System32\IMM32.DLL
0x000000005d4d0000 - 0x000000005d5a2000 	C:\Program Files\Android\Android Studio\jre\jre\bin\msvcr100.dll
0x000000005d5b0000 - 0x000000005ddfb000 	C:\Program Files\Android\Android Studio\jre\jre\bin\server\jvm.dll
0x00007ffbd6c00000 - 0x00007ffbd6c08000 	C:\Windows\System32\PSAPI.DLL
0x00007ffbd1280000 - 0x00007ffbd1289000 	C:\Windows\SYSTEM32\WSOCK32.dll
0x00007ffbd7b70000 - 0x00007ffbd7bdf000 	C:\Windows\System32\WS2_32.dll
0x00007ffbcc460000 - 0x00007ffbcc484000 	C:\Windows\SYSTEM32\WINMM.dll
0x00007ffbcf160000 - 0x00007ffbcf16a000 	C:\Windows\SYSTEM32\VERSION.dll
0x00007ffbcc430000 - 0x00007ffbcc45d000 	C:\Windows\SYSTEM32\WINMMBASE.dll
0x00007ffbd51c0000 - 0x00007ffbd520a000 	C:\Windows\System32\cfgmgr32.dll
0x00007ffbd0920000 - 0x00007ffbd092f000 	C:\Program Files\Android\Android Studio\jre\jre\bin\verify.dll
0x00007ffbcf570000 - 0x00007ffbcf599000 	C:\Program Files\Android\Android Studio\jre\jre\bin\java.dll
0x00007ffbd06b0000 - 0x00007ffbd06c6000 	C:\Program Files\Android\Android Studio\jre\jre\bin\zip.dll
0x00007ffbd6cb0000 - 0x00007ffbd7397000 	C:\Windows\System32\SHELL32.dll
0x00007ffbd7570000 - 0x00007ffbd7619000 	C:\Windows\System32\shcore.dll
0x00007ffbd5a30000 - 0x00007ffbd61b0000 	C:\Windows\System32\windows.storage.dll
0x00007ffbd50d0000 - 0x00007ffbd50f3000 	C:\Windows\System32\profapi.dll
0x00007ffbd5140000 - 0x00007ffbd518a000 	C:\Windows\System32\powrprof.dll
0x00007ffbd50c0000 - 0x00007ffbd50d0000 	C:\Windows\System32\UMPDC.dll
0x00007ffbd73a0000 - 0x00007ffbd73f2000 	C:\Windows\System32\shlwapi.dll
0x00007ffbd5120000 - 0x00007ffbd5131000 	C:\Windows\System32\kernel.appcore.dll
0x00007ffbd53b0000 - 0x00007ffbd53c7000 	C:\Windows\System32\cryptsp.dll
0x00007ffbcfad0000 - 0x00007ffbcfaea000 	C:\Program Files\Android\Android Studio\jre\jre\bin\net.dll
0x00007ffbd48b0000 - 0x00007ffbd4917000 	C:\Windows\system32\mswsock.dll
0x00007ffbcf550000 - 0x00007ffbcf563000 	C:\Program Files\Android\Android Studio\jre\jre\bin\nio.dll
0x00007ffbc6c40000 - 0x00007ffbc6c66000 	C:\Users\ASUS\.gradle\native\31\windows-amd64\native-platform.dll
0x00007ffbcfec0000 - 0x00007ffbcfecd000 	C:\Program Files\Android\Android Studio\jre\jre\bin\management.dll
0x00007ffbd4420000 - 0x00007ffbd4453000 	C:\Windows\system32\rsaenh.dll
0x00007ffbd53d0000 - 0x00007ffbd53f6000 	C:\Windows\System32\bcrypt.dll
0x00007ffbd4fa0000 - 0x00007ffbd4fc5000 	C:\Windows\SYSTEM32\USERENV.dll
0x00007ffbd4a80000 - 0x00007ffbd4a8c000 	C:\Windows\SYSTEM32\CRYPTBASE.dll
0x00007ffbd45c0000 - 0x00007ffbd45fa000 	C:\Windows\SYSTEM32\IPHLPAPI.DLL
0x00007ffbd7ea0000 - 0x00007ffbd7ea8000 	C:\Windows\System32\NSI.dll
0x00007ffbcf190000 - 0x00007ffbcf1a6000 	C:\Windows\SYSTEM32\dhcpcsvc6.DLL
0x00007ffbcf170000 - 0x00007ffbcf18c000 	C:\Windows\SYSTEM32\dhcpcsvc.DLL
0x00007ffbd4600000 - 0x00007ffbd46cb000 	C:\Windows\SYSTEM32\DNSAPI.dll

VM Arguments:
jvm_args: -Xmx2048m -Dfile.encoding=windows-1252 -Duser.country=US -Duser.language=en -Duser.variant 
java_command: org.gradle.launcher.daemon.bootstrap.GradleDaemon 6.1.1
java_class_path (initial): C:\Users\ASUS\.gradle\wrapper\dists\gradle-6.1.1-all\cfmwm155h49vnt3hynmlrsdst\gradle-6.1.1\lib\gradle-launcher-6.1.1.jar
Launcher Type: SUN_STANDARD

Environment Variables:
PATH=C:\ProgramData\Oracle\Java\javapath;C:\Program Files (x86)\Common Files\Intel\Shared Files\cpp\bin\Intel64;C:\Windows\system32;C:\Windows;C:\Windows\System32\Wbem;C:\Windows\System32\WindowsPowerShell\v1.0\;C:\Windows\System32\OpenSSH\;C:\Program Files (x86)\NVIDIA Corporation\PhysX\Common;C:\Program Files\NVIDIA Corporation\NVIDIA NvDLISR;C:\Windows\system32;C:\Windows;C:\Windows\System32\Wbem;C:\Windows\System32\WindowsPowerShell\v1.0\;C:\Windows\System32\OpenSSH\;C:\Program Files\Microsoft SQL Server\110\Tools\Binn\;C:\Program Files (x86)\Microsoft SQL Server\110\Tools\Binn\;C:\Program Files\Microsoft SQL Server\110\DTS\Binn\;C:\Program Files (x86)\Microsoft SQL Server\110\Tools\Binn\ManagementStudio\;C:\Program Files (x86)\Microsoft Visual Studio 10.0\Common7\IDE\PrivateAssemblies\;C:\Program Files (x86)\Microsoft SQL Server\110\DTS\Binn\;C:\Program Files\dotnet\;C:\Program Files\Microsoft SQL Server\130\Tools\Binn\;C:\Program Files\Microsoft SQL Server\Client SDK\ODBC\170\Tools\Binn\;C:\Program Files\Git\cmd;C:\Users\ASUS\AppData\Local\Microsoft\WindowsApps;C:\Users\ASUS\AppData\Local\Programs\Microsoft VS Code\bin;C:\Users\ASUS\AppData\Local\GitHubDesktop\bin
USERNAME=ASUS
OS=Windows_NT
PROCESSOR_IDENTIFIER=AMD64 Family 23 Model 96 Stepping 1, AuthenticAMD



---------------  S Y S T E M  ---------------

OS: Windows 10.0 , 64 bit Build 18362 (10.0.18362.1082)

CPU:total 12 (initial active 12) (12 cores per cpu, 1 threads per core) family 23 model 96 stepping 1, cmov, cx8, fxsr, mmx, sse, sse2, sse3, ssse3, sse4.1, sse4.2, popcnt, avx, avx2, aes, clmul, mmxext, 3dnowpref, lzcnt, sse4a, tsc, tscinvbit, tscinv, bmi1

Memory: 4k page, physical 7781768k(450472k free), swap 11976072k(3148k free)

vm_info: OpenJDK 64-Bit Server VM (25.242-b01) for windows-amd64 JRE (1.8.0_242-release-1644-b01), built by "builder" with MS VC++ 10.0 (VS2010)

time: Wed Nov 04 16:36:19 2020
timezone: SE Asia Standard Time
elapsed time: 15 seconds (0d 0h 0m 15s)

